Copyright 1986-2022 Xilinx, Inc. All Rights Reserved.
------------------------------------------------------------------------------------------------
| Tool Version : Vivado v.2022.2 (win64) Build 3671981 Fri Oct 14 05:00:03 MDT 2022
| Date         : Thu May  7 21:41:54 2026
| Host         : Cordelia_1222 running 64-bit major release  (build 9200)
| Command      : report_control_sets -verbose -file countdown_timer_top_control_sets_placed.rpt
| Design       : countdown_timer_top
| Device       : xc7k160t
------------------------------------------------------------------------------------------------

Control Set Information

Table of Contents
-----------------
1. Summary
2. Histogram
3. Flip-Flop Distribution
4. Detailed Control Set Information

1. Summary
----------

+----------------------------------------------------------+-------+
|                          Status                          | Count |
+----------------------------------------------------------+-------+
| Total control sets                                       |     8 |
|    Minimum number of control sets                        |     8 |
|    Addition due to synthesis replication                 |     0 |
|    Addition due to physical synthesis replication        |     0 |
| Unused register locations in slices containing registers |    19 |
+----------------------------------------------------------+-------+
* Control sets can be merged at opt_design using control_set_merge or merge_equivalent_drivers
** Run report_qor_suggestions for automated merging and remapping suggestions


2. Histogram
------------

+--------------------+-------+
|       Fanout       | Count |
+--------------------+-------+
| Total control sets |     8 |
| >= 0 to < 4        |     0 |
| >= 4 to < 6        |     0 |
| >= 6 to < 8        |     1 |
| >= 8 to < 10       |     0 |
| >= 10 to < 12      |     0 |
| >= 12 to < 14      |     0 |
| >= 14 to < 16      |     0 |
| >= 16              |     7 |
+--------------------+-------+
* Control sets can be remapped at either synth_design or opt_design


3. Flip-Flop Distribution
-------------------------

+--------------+-----------------------+------------------------+-----------------+--------------+
| Clock Enable | Synchronous Set/Reset | Asynchronous Set/Reset | Total Registers | Total Slices |
+--------------+-----------------------+------------------------+-----------------+--------------+
| No           | No                    | No                     |              24 |           11 |
| No           | No                    | Yes                    |               0 |            0 |
| No           | Yes                   | No                     |             126 |           37 |
| Yes          | No                    | No                     |               0 |            0 |
| Yes          | No                    | Yes                    |               0 |            0 |
| Yes          | Yes                   | No                     |               7 |            3 |
+--------------+-----------------------+------------------------+-----------------+--------------+


4. Detailed Control Set Information
-----------------------------------

+----------------+----------------+-------------------------------+------------------+----------------+--------------+
|  Clock Signal  |  Enable Signal |        Set/Reset Signal       | Slice Load Count | Bel Load Count | Bels / Slice |
+----------------+----------------+-------------------------------+------------------+----------------+--------------+
|  clk_IBUF_BUFG | u_key_add/E[0] | u_key_reset/SR[0]             |                3 |              7 |         2.33 |
|  clk_IBUF_BUFG |                | p_0_in                        |                5 |             16 |         3.20 |
|  clk_IBUF_BUFG |                | u_key_start/cnt[0]_i_1_n_0    |                6 |             21 |         3.50 |
|  clk_IBUF_BUFG |                | u_key_sub/cnt[0]_i_1__2_n_0   |                6 |             21 |         3.50 |
|  clk_IBUF_BUFG |                | u_key_add/cnt[0]_i_1__1_n_0   |                6 |             21 |         3.50 |
|  clk_IBUF_BUFG |                | u_key_reset/cnt[0]_i_1__0_n_0 |                6 |             21 |         3.50 |
|  clk_IBUF_BUFG |                |                               |               11 |             24 |         2.18 |
|  clk_IBUF_BUFG |                | sec_cnt[25]_i_1_n_0           |                8 |             26 |         3.25 |
+----------------+----------------+-------------------------------+------------------+----------------+--------------+


