
*** Running vivado
    with args -log top.vds -m64 -product Vivado -mode batch -messageDb vivado.pb -notrace -source top.tcl



****** Vivado v2020.2 (64-bit)
  **** SW Build 3064766 on Wed Nov 18 09:12:45 MST 2020
  **** IP Build 3064653 on Wed Nov 18 14:17:31 MST 2020
    ** Copyright 1986-2020 Xilinx, Inc. All Rights Reserved.

source top.tcl -notrace
Command: synth_design -top top -part xc7k160tffg676-2
Starting synth_design
Attempting to get a license for feature 'Synthesis' and/or device 'xc7k160t'
INFO: [Common 17-349] Got license for feature 'Synthesis' and/or device 'xc7k160t'
INFO: [Device 21-403] Loading part xc7k160tffg676-2
INFO: [Synth 8-7079] Multithreading enabled for synth_design using a maximum of 2 processes.
INFO: [Synth 8-7078] Launching helper process for spawning children vivado processes
INFO: [Synth 8-7075] Helper process launched with PID 23724
---------------------------------------------------------------------------------
Starting RTL Elaboration : Time (s): cpu = 00:00:02 ; elapsed = 00:00:02 . Memory (MB): peak = 1162.582 ; gain = 53.949
---------------------------------------------------------------------------------
INFO: [Synth 8-6157] synthesizing module 'top' [F:/FPGA/project/ALU_stu/ALU_stu/ALU_stu.srcs/sources_1/new/top.v:23]
INFO: [Synth 8-6157] synthesizing module 'sys_clk' [F:/FPGA/project/ALU_stu/ALU_stu/ALU_stu.runs/synth_1/.Xil/Vivado-28816-pymin66135/realtime/sys_clk_stub.v:5]
INFO: [Synth 8-6155] done synthesizing module 'sys_clk' (1#1) [F:/FPGA/project/ALU_stu/ALU_stu/ALU_stu.runs/synth_1/.Xil/Vivado-28816-pymin66135/realtime/sys_clk_stub.v:5]
INFO: [Synth 8-6157] synthesizing module 'test_vector_rom' [F:/FPGA/project/ALU_stu/ALU_stu/ALU_stu.runs/synth_1/.Xil/Vivado-28816-pymin66135/realtime/test_vector_rom_stub.v:6]
INFO: [Synth 8-6155] done synthesizing module 'test_vector_rom' (2#1) [F:/FPGA/project/ALU_stu/ALU_stu/ALU_stu.runs/synth_1/.Xil/Vivado-28816-pymin66135/realtime/test_vector_rom_stub.v:6]
INFO: [Synth 8-6157] synthesizing module 'test_flags_and_result_rom' [F:/FPGA/project/ALU_stu/ALU_stu/ALU_stu.runs/synth_1/.Xil/Vivado-28816-pymin66135/realtime/test_flags_and_result_rom_stub.v:6]
INFO: [Synth 8-6155] done synthesizing module 'test_flags_and_result_rom' (3#1) [F:/FPGA/project/ALU_stu/ALU_stu/ALU_stu.runs/synth_1/.Xil/Vivado-28816-pymin66135/realtime/test_flags_and_result_rom_stub.v:6]
INFO: [Synth 8-6157] synthesizing module 'alu' [F:/FPGA/project/ALU_stu/src/alu.v:3]
INFO: [Synth 8-6157] synthesizing module 'adder32_gate' [F:/FPGA/project/ALU_stu/src/adder32_gate.v:15]
INFO: [Synth 8-6157] synthesizing module 'full_adder_1bit' [F:/FPGA/project/ALU_stu/src/full_adder_1bit.v:23]
INFO: [Synth 8-6155] done synthesizing module 'full_adder_1bit' (4#1) [F:/FPGA/project/ALU_stu/src/full_adder_1bit.v:23]
INFO: [Synth 8-6155] done synthesizing module 'adder32_gate' (5#1) [F:/FPGA/project/ALU_stu/src/adder32_gate.v:15]
INFO: [Synth 8-6155] done synthesizing module 'alu' (6#1) [F:/FPGA/project/ALU_stu/src/alu.v:3]
WARNING: [Synth 8-4446] all outputs are unconnected for this instance and logic may be removed [F:/FPGA/project/ALU_stu/ALU_stu/ALU_stu.srcs/sources_1/new/top.v:151]
INFO: [Synth 8-6157] synthesizing module 'ila_0' [F:/FPGA/project/ALU_stu/ALU_stu/ALU_stu.runs/synth_1/.Xil/Vivado-28816-pymin66135/realtime/ila_0_stub.v:6]
INFO: [Synth 8-6155] done synthesizing module 'ila_0' (7#1) [F:/FPGA/project/ALU_stu/ALU_stu/ALU_stu.runs/synth_1/.Xil/Vivado-28816-pymin66135/realtime/ila_0_stub.v:6]
INFO: [Synth 8-6071] Mark debug on the nets applies keep_hierarchy on instance 'u_ila'. This will prevent further optimization [F:/FPGA/project/ALU_stu/ALU_stu/ALU_stu.srcs/sources_1/new/top.v:151]
INFO: [Synth 8-6071] Mark debug on the nets applies keep_hierarchy on instance 'u_test_flags_and_result_rom'. This will prevent further optimization [F:/FPGA/project/ALU_stu/ALU_stu/ALU_stu.srcs/sources_1/new/top.v:94]
INFO: [Synth 8-6071] Mark debug on the nets applies keep_hierarchy on instance 'u_test_vector_rom'. This will prevent further optimization [F:/FPGA/project/ALU_stu/ALU_stu/ALU_stu.srcs/sources_1/new/top.v:82]
INFO: [Synth 8-6071] Mark debug on the nets applies keep_hierarchy on instance 'u_alu'. This will prevent further optimization [F:/FPGA/project/ALU_stu/ALU_stu/ALU_stu.srcs/sources_1/new/top.v:142]
INFO: [Synth 8-6155] done synthesizing module 'top' (8#1) [F:/FPGA/project/ALU_stu/ALU_stu/ALU_stu.srcs/sources_1/new/top.v:23]
---------------------------------------------------------------------------------
Finished RTL Elaboration : Time (s): cpu = 00:00:03 ; elapsed = 00:00:03 . Memory (MB): peak = 1218.359 ; gain = 109.727
---------------------------------------------------------------------------------
---------------------------------------------------------------------------------
Start Handling Custom Attributes
---------------------------------------------------------------------------------
---------------------------------------------------------------------------------
Finished Handling Custom Attributes : Time (s): cpu = 00:00:03 ; elapsed = 00:00:03 . Memory (MB): peak = 1218.359 ; gain = 109.727
---------------------------------------------------------------------------------
---------------------------------------------------------------------------------
Finished RTL Optimization Phase 1 : Time (s): cpu = 00:00:03 ; elapsed = 00:00:03 . Memory (MB): peak = 1218.359 ; gain = 109.727
---------------------------------------------------------------------------------
Netlist sorting complete. Time (s): cpu = 00:00:00 ; elapsed = 00:00:00.002 . Memory (MB): peak = 1218.359 ; gain = 0.000
INFO: [Project 1-570] Preparing netlist for logic optimization

Processing XDC Constraints
Initializing timing engine
Parsing XDC File [f:/FPGA/project/ALU_stu/ALU_stu/ALU_stu.gen/sources_1/ip/sys_clk/sys_clk/sys_clk_in_context.xdc] for cell 'u_sys_clk'
Finished Parsing XDC File [f:/FPGA/project/ALU_stu/ALU_stu/ALU_stu.gen/sources_1/ip/sys_clk/sys_clk/sys_clk_in_context.xdc] for cell 'u_sys_clk'
Parsing XDC File [f:/FPGA/project/ALU_stu/ALU_stu/ALU_stu.gen/sources_1/ip/test_vector_rom/test_vector_rom/test_vector_rom_in_context.xdc] for cell 'u_test_vector_rom'
Finished Parsing XDC File [f:/FPGA/project/ALU_stu/ALU_stu/ALU_stu.gen/sources_1/ip/test_vector_rom/test_vector_rom/test_vector_rom_in_context.xdc] for cell 'u_test_vector_rom'
Parsing XDC File [f:/FPGA/project/ALU_stu/ALU_stu/ALU_stu.gen/sources_1/ip/test_flags_and_result_rom/test_flags_and_result_rom/test_flags_and_result_rom_in_context.xdc] for cell 'u_test_flags_and_result_rom'
Finished Parsing XDC File [f:/FPGA/project/ALU_stu/ALU_stu/ALU_stu.gen/sources_1/ip/test_flags_and_result_rom/test_flags_and_result_rom/test_flags_and_result_rom_in_context.xdc] for cell 'u_test_flags_and_result_rom'
Parsing XDC File [f:/FPGA/project/ALU_stu/ALU_stu/ALU_stu.gen/sources_1/ip/ila_0/ila_0/ila_0_in_context.xdc] for cell 'u_ila'
Finished Parsing XDC File [f:/FPGA/project/ALU_stu/ALU_stu/ALU_stu.gen/sources_1/ip/ila_0/ila_0/ila_0_in_context.xdc] for cell 'u_ila'
Parsing XDC File [F:/FPGA/project/ALU_stu/ALU_stu/ALU_stu.srcs/constrs_1/new/xdc.xdc]
Finished Parsing XDC File [F:/FPGA/project/ALU_stu/ALU_stu/ALU_stu.srcs/constrs_1/new/xdc.xdc]
INFO: [Project 1-236] Implementation specific constraints were found while reading constraint file [F:/FPGA/project/ALU_stu/ALU_stu/ALU_stu.srcs/constrs_1/new/xdc.xdc]. These constraints will be ignored for synthesis but will be used in implementation. Impacted constraints are listed in the file [.Xil/top_propImpl.xdc].
Resolution: To avoid this warning, move constraints listed in [.Xil/top_propImpl.xdc] to another XDC file and exclude this new file from synthesis with the used_in_synthesis property (File Properties dialog in GUI) and re-run elaboration/synthesis.
Completed Processing XDC Constraints

Netlist sorting complete. Time (s): cpu = 00:00:00 ; elapsed = 00:00:00 . Memory (MB): peak = 1330.996 ; gain = 0.000
INFO: [Project 1-111] Unisim Transformation Summary:
No Unisim elements were transformed.

Constraint Validation Runtime : Time (s): cpu = 00:00:00 ; elapsed = 00:00:00.004 . Memory (MB): peak = 1330.996 ; gain = 0.000
WARNING: [Timing 38-316] Clock period '10.000' specified during out-of-context synthesis of instance 'u_ila' at clock pin 'clk' is different from the actual clock period '6.667', this can lead to different synthesis results.
WARNING: [Timing 38-316] Clock period '20.000' specified during out-of-context synthesis of instance 'u_test_flags_and_result_rom' at clock pin 'clka' is different from the actual clock period '6.667', this can lead to different synthesis results.
WARNING: [Timing 38-316] Clock period '20.000' specified during out-of-context synthesis of instance 'u_test_vector_rom' at clock pin 'clka' is different from the actual clock period '6.667', this can lead to different synthesis results.
---------------------------------------------------------------------------------
Finished Constraint Validation : Time (s): cpu = 00:00:06 ; elapsed = 00:00:07 . Memory (MB): peak = 1334.992 ; gain = 226.359
---------------------------------------------------------------------------------
---------------------------------------------------------------------------------
Start Loading Part and Timing Information
---------------------------------------------------------------------------------
Loading part: xc7k160tffg676-2
---------------------------------------------------------------------------------
Finished Loading Part and Timing Information : Time (s): cpu = 00:00:06 ; elapsed = 00:00:07 . Memory (MB): peak = 1334.992 ; gain = 226.359
---------------------------------------------------------------------------------
---------------------------------------------------------------------------------
Start Applying 'set_property' XDC Constraints
---------------------------------------------------------------------------------
Applied set_property IO_BUFFER_TYPE = NONE for clk_osc. (constraint file  f:/FPGA/project/ALU_stu/ALU_stu/ALU_stu.gen/sources_1/ip/sys_clk/sys_clk/sys_clk_in_context.xdc, line 3).
Applied set_property CLOCK_BUFFER_TYPE = NONE for clk_osc. (constraint file  f:/FPGA/project/ALU_stu/ALU_stu/ALU_stu.gen/sources_1/ip/sys_clk/sys_clk/sys_clk_in_context.xdc, line 4).
Applied set_property KEEP_HIERARCHY = SOFT for u_sys_clk. (constraint file  auto generated constraint).
Applied set_property KEEP_HIERARCHY = SOFT for u_test_vector_rom. (constraint file  auto generated constraint).
Applied set_property KEEP_HIERARCHY = SOFT for u_test_flags_and_result_rom. (constraint file  auto generated constraint).
Applied set_property KEEP_HIERARCHY = SOFT for u_ila. (constraint file  auto generated constraint).
---------------------------------------------------------------------------------
Finished applying 'set_property' XDC Constraints : Time (s): cpu = 00:00:06 ; elapsed = 00:00:07 . Memory (MB): peak = 1334.992 ; gain = 226.359
---------------------------------------------------------------------------------
---------------------------------------------------------------------------------
Finished RTL Optimization Phase 2 : Time (s): cpu = 00:00:07 ; elapsed = 00:00:07 . Memory (MB): peak = 1334.992 ; gain = 226.359
---------------------------------------------------------------------------------
---------------------------------------------------------------------------------
Start RTL Component Statistics 
---------------------------------------------------------------------------------
Detailed RTL Component Info : 
+---Adders : 
	   2 Input    7 Bit       Adders := 1     
+---XORs : 
	   2 Input      1 Bit         XORs := 65    
+---Registers : 
	               32 Bit    Registers := 3     
	                7 Bit    Registers := 1     
	                4 Bit    Registers := 1     
	                2 Bit    Registers := 1     
	                1 Bit    Registers := 4     
+---Muxes : 
	   2 Input   32 Bit        Muxes := 3     
	   2 Input    7 Bit        Muxes := 1     
	   2 Input    1 Bit        Muxes := 1     
---------------------------------------------------------------------------------
Finished RTL Component Statistics 
---------------------------------------------------------------------------------
---------------------------------------------------------------------------------
Start Part Resource Summary
---------------------------------------------------------------------------------
Part Resources:
DSPs: 600 (col length:100)
BRAMs: 650 (col length: RAMB18 100 RAMB36 50)
---------------------------------------------------------------------------------
Finished Part Resource Summary
---------------------------------------------------------------------------------
---------------------------------------------------------------------------------
Start Cross Boundary and Area Optimization
---------------------------------------------------------------------------------
---------------------------------------------------------------------------------
Finished Cross Boundary and Area Optimization : Time (s): cpu = 00:00:08 ; elapsed = 00:00:09 . Memory (MB): peak = 1334.992 ; gain = 226.359
---------------------------------------------------------------------------------
---------------------------------------------------------------------------------
Start Applying XDC Timing Constraints
---------------------------------------------------------------------------------
---------------------------------------------------------------------------------
Finished Applying XDC Timing Constraints : Time (s): cpu = 00:00:11 ; elapsed = 00:00:11 . Memory (MB): peak = 1334.992 ; gain = 226.359
---------------------------------------------------------------------------------
---------------------------------------------------------------------------------
Start Timing Optimization
---------------------------------------------------------------------------------
---------------------------------------------------------------------------------
Finished Timing Optimization : Time (s): cpu = 00:00:11 ; elapsed = 00:00:11 . Memory (MB): peak = 1334.992 ; gain = 226.359
---------------------------------------------------------------------------------
---------------------------------------------------------------------------------
Start Technology Mapping
---------------------------------------------------------------------------------
---------------------------------------------------------------------------------
Finished Technology Mapping : Time (s): cpu = 00:00:11 ; elapsed = 00:00:12 . Memory (MB): peak = 1334.992 ; gain = 226.359
---------------------------------------------------------------------------------
---------------------------------------------------------------------------------
Start IO Insertion
---------------------------------------------------------------------------------
---------------------------------------------------------------------------------
Start Flattening Before IO Insertion
---------------------------------------------------------------------------------
---------------------------------------------------------------------------------
Finished Flattening Before IO Insertion
---------------------------------------------------------------------------------
---------------------------------------------------------------------------------
Start Final Netlist Cleanup
---------------------------------------------------------------------------------
---------------------------------------------------------------------------------
Finished Final Netlist Cleanup
---------------------------------------------------------------------------------
---------------------------------------------------------------------------------
Finished IO Insertion : Time (s): cpu = 00:00:12 ; elapsed = 00:00:13 . Memory (MB): peak = 1337.793 ; gain = 229.160
---------------------------------------------------------------------------------
---------------------------------------------------------------------------------
Start Renaming Generated Instances
---------------------------------------------------------------------------------
---------------------------------------------------------------------------------
Finished Renaming Generated Instances : Time (s): cpu = 00:00:12 ; elapsed = 00:00:13 . Memory (MB): peak = 1337.793 ; gain = 229.160
---------------------------------------------------------------------------------
---------------------------------------------------------------------------------
Start Rebuilding User Hierarchy
---------------------------------------------------------------------------------
---------------------------------------------------------------------------------
Finished Rebuilding User Hierarchy : Time (s): cpu = 00:00:12 ; elapsed = 00:00:13 . Memory (MB): peak = 1337.793 ; gain = 229.160
---------------------------------------------------------------------------------
---------------------------------------------------------------------------------
Start Renaming Generated Ports
---------------------------------------------------------------------------------
---------------------------------------------------------------------------------
Finished Renaming Generated Ports : Time (s): cpu = 00:00:12 ; elapsed = 00:00:13 . Memory (MB): peak = 1337.793 ; gain = 229.160
---------------------------------------------------------------------------------
---------------------------------------------------------------------------------
Start Handling Custom Attributes
---------------------------------------------------------------------------------
---------------------------------------------------------------------------------
Finished Handling Custom Attributes : Time (s): cpu = 00:00:12 ; elapsed = 00:00:13 . Memory (MB): peak = 1337.793 ; gain = 229.160
---------------------------------------------------------------------------------
---------------------------------------------------------------------------------
Start Renaming Generated Nets
---------------------------------------------------------------------------------
---------------------------------------------------------------------------------
Finished Renaming Generated Nets : Time (s): cpu = 00:00:12 ; elapsed = 00:00:13 . Memory (MB): peak = 1337.793 ; gain = 229.160
---------------------------------------------------------------------------------
---------------------------------------------------------------------------------
Start Writing Synthesis Report
---------------------------------------------------------------------------------

Report BlackBoxes: 
+------+--------------------------+----------+
|      |BlackBox name             |Instances |
+------+--------------------------+----------+
|1     |sys_clk                   |         1|
|2     |test_vector_rom           |         1|
|3     |test_flags_and_result_rom |         1|
|4     |ila_0                     |         1|
+------+--------------------------+----------+

Report Cell Usage: 
+------+--------------------------+------+
|      |Cell                      |Count |
+------+--------------------------+------+
|1     |ila                       |     1|
|2     |sys_clk                   |     1|
|3     |test_flags_and_result_rom |     1|
|4     |test_vector_rom           |     1|
|5     |CARRY4                    |     3|
|6     |LUT1                      |     1|
|7     |LUT2                      |     3|
|8     |LUT3                      |    27|
|9     |LUT4                      |    18|
|10    |LUT5                      |    35|
|11    |LUT6                      |    59|
|12    |FDCE                      |   111|
|13    |FDPE                      |     2|
|14    |IBUF                      |     1|
|15    |OBUF                      |     1|
+------+--------------------------+------+
---------------------------------------------------------------------------------
Finished Writing Synthesis Report : Time (s): cpu = 00:00:12 ; elapsed = 00:00:13 . Memory (MB): peak = 1337.793 ; gain = 229.160
---------------------------------------------------------------------------------
Synthesis finished with 0 errors, 0 critical warnings and 0 warnings.
Synthesis Optimization Runtime : Time (s): cpu = 00:00:09 ; elapsed = 00:00:12 . Memory (MB): peak = 1337.793 ; gain = 112.527
Synthesis Optimization Complete : Time (s): cpu = 00:00:13 ; elapsed = 00:00:13 . Memory (MB): peak = 1337.793 ; gain = 229.160
INFO: [Project 1-571] Translating synthesized netlist
Netlist sorting complete. Time (s): cpu = 00:00:00 ; elapsed = 00:00:00.002 . Memory (MB): peak = 1349.832 ; gain = 0.000
INFO: [Netlist 29-17] Analyzing 3 Unisim elements for replacement
INFO: [Netlist 29-28] Unisim Transformation completed in 0 CPU seconds
INFO: [Project 1-570] Preparing netlist for logic optimization
INFO: [Opt 31-138] Pushed 0 inverter(s) to 0 load pin(s).
Netlist sorting complete. Time (s): cpu = 00:00:00 ; elapsed = 00:00:00 . Memory (MB): peak = 1352.965 ; gain = 0.000
INFO: [Project 1-111] Unisim Transformation Summary:
No Unisim elements were transformed.

INFO: [Common 17-83] Releasing license: Synthesis
35 Infos, 4 Warnings, 0 Critical Warnings and 0 Errors encountered.
synth_design completed successfully
synth_design: Time (s): cpu = 00:00:16 ; elapsed = 00:00:18 . Memory (MB): peak = 1352.965 ; gain = 244.332
INFO: [Common 17-1381] The checkpoint 'F:/FPGA/project/ALU_stu/ALU_stu/ALU_stu.runs/synth_1/top.dcp' has been generated.
INFO: [runtcl-4] Executing : report_utilization -file top_utilization_synth.rpt -pb top_utilization_synth.pb
INFO: [Common 17-206] Exiting Vivado at Thu May 21 21:16:03 2026...
