#-----------------------------------------------------------
# Vivado v2020.2 (64-bit)
# SW Build 3064766 on Wed Nov 18 09:12:45 MST 2020
# IP Build 3064653 on Wed Nov 18 14:17:31 MST 2020
# Start of session at: Thu May 21 21:14:29 2026
# Process ID: 13124
# Current directory: F:/FPGA/project/ALU_stu/ALU_stu
# Command line: vivado.exe -gui_launcher_event rodinguilauncherevent25248 F:\FPGA\project\ALU_stu\ALU_stu\ALU_stu.xpr
# Log file: F:/FPGA/project/ALU_stu/ALU_stu/vivado.log
# Journal file: F:/FPGA/project/ALU_stu/ALU_stu\vivado.jou
#-----------------------------------------------------------
start_gui
open_project F:/FPGA/project/ALU_stu/ALU_stu/ALU_stu.xpr
Scanning sources...
Finished scanning sources
INFO: [IP_Flow 19-234] Refreshing IP repositories
INFO: [IP_Flow 19-1704] No user IP repositories specified
INFO: [IP_Flow 19-2313] Loaded Vivado IP repository 'D:/Xilinx/Vivado/2020.2/data/ip'.
update_compile_order -fileset sources_1
reset_run synth_1
launch_runs synth_1 -jobs 8
WARNING: [HDL 9-3756] overwriting previous definition of module 'alu' [F:/FPGA/project/ALU_stu/src/alu.v:3]
WARNING: [filemgmt 20-1318] Duplicate Design Unit 'alu()' found in library 'xil_defaultlib'
Duplicate found at line 3 of file F:/FPGA/project/ALU_stu/ALU_stu/ALU_stu.srcs/sources_1/new/alu.v
	(Active) Duplicate found at line 3 of file F:/FPGA/project/ALU_stu/src/alu.v
[Thu May 21 21:15:39 2026] Launched synth_1...
Run output will be captured here: F:/FPGA/project/ALU_stu/ALU_stu/ALU_stu.runs/synth_1/runme.log
launch_runs impl_1 -jobs 8
[Thu May 21 21:16:26 2026] Launched impl_1...
Run output will be captured here: F:/FPGA/project/ALU_stu/ALU_stu/ALU_stu.runs/impl_1/runme.log
open_run impl_1
INFO: [Device 21-403] Loading part xc7k160tffg676-2
Netlist sorting complete. Time (s): cpu = 00:00:00 ; elapsed = 00:00:00.031 . Memory (MB): peak = 1428.020 ; gain = 0.000
INFO: [Netlist 29-17] Analyzing 117 Unisim elements for replacement
INFO: [Netlist 29-28] Unisim Transformation completed in 0 CPU seconds
INFO: [Project 1-479] Netlist was created with Vivado 2020.2
INFO: [Project 1-570] Preparing netlist for logic optimization
INFO: [Timing 38-478] Restoring timing data from binary archive.
INFO: [Timing 38-479] Binary timing data restore complete.
INFO: [Project 1-856] Restoring constraints from binary archive.
INFO: [Project 1-853] Binary constraint restore complete.
Reading XDEF placement.
Reading placer database...
Reading XDEF routing.
Read XDEF File: Time (s): cpu = 00:00:00 ; elapsed = 00:00:00.146 . Memory (MB): peak = 2155.270 ; gain = 0.000
Restored from archive | CPU: 0.000000 secs | Memory: 0.000000 MB |
Finished XDEF File Restore: Time (s): cpu = 00:00:00 ; elapsed = 00:00:00.146 . Memory (MB): peak = 2155.270 ; gain = 0.000
Netlist sorting complete. Time (s): cpu = 00:00:00 ; elapsed = 00:00:00.001 . Memory (MB): peak = 2155.270 ; gain = 0.000
INFO: [Project 1-111] Unisim Transformation Summary:
  A total of 58 instances were transformed.
  CFGLUT5 => CFGLUT5 (SRL16E, SRLC32E): 52 instances
  RAM32M => RAM32M (RAMD32(x6), RAMS32(x2)): 6 instances

open_run: Time (s): cpu = 00:00:18 ; elapsed = 00:00:13 . Memory (MB): peak = 2329.961 ; gain = 1223.434
WARNING: [Timing 38-436] There are set_bus_skew constraint(s) in this design. Please run report_bus_skew to ensure that bus skew requirements are met.
report_timing_summary -delay_type min_max -report_unconstrained -check_timing_verbose -max_paths 10 -input_pins -routable_nets -name timing_1
INFO: [Timing 38-91] UpdateTimingParams: Speed grade: -2, Delay Type: min_max.
INFO: [Timing 38-191] Multithreading enabled for timing update using a maximum of 2 CPUs
WARNING: [Timing 38-436] There are set_bus_skew constraint(s) in this design. Please run report_bus_skew to ensure that bus skew requirements are met.
launch_runs impl_1 -to_step write_bitstream -jobs 8
[Thu May 21 21:18:04 2026] Launched impl_1...
Run output will be captured here: F:/FPGA/project/ALU_stu/ALU_stu/ALU_stu.runs/impl_1/runme.log
open_hw_manager
connect_hw_server -allow_non_jtag
INFO: [Labtools 27-2285] Connecting to hw_server url TCP:localhost:3121
INFO: [Labtools 27-2222] Launching hw_server...
INFO: [Labtools 27-2221] Launch Output:

****** Xilinx hw_server v2020.2
  **** Build date : Nov 18 2020 at 10:01:48
    ** Copyright 1986-2020 Xilinx, Inc. All Rights Reserved.


INFO: [Labtools 27-3415] Connecting to cs_server url TCP:localhost:3042
INFO: [Labtools 27-3417] Launching cs_server...
INFO: [Labtools 27-2221] Launch Output:


******** Xilinx cs_server v2020.2
  ****** Build date   : Nov 04 2020-05:02:56
    **** Build number : 2020.2.1604437376
      ** Copyright 2017-2020 Xilinx, Inc. All Rights Reserved.



connect_hw_server: Time (s): cpu = 00:00:01 ; elapsed = 00:00:07 . Memory (MB): peak = 2447.629 ; gain = 0.000
open_hw_target
INFO: [Labtoolstcl 44-466] Opening hw_target localhost:3121/xilinx_tcf/Digilent/210251A08870
current_hw_device [get_hw_devices xc7k160t_0]
refresh_hw_device -update_hw_probes false [lindex [get_hw_devices xc7k160t_0] 0]
INFO: [Labtools 27-1434] Device xc7k160t (JTAG device index = 0) is programmed with a design that has no supported debug core(s) in it.
refresh_hw_device [lindex [get_hw_devices xc7k160t_0] 0]
INFO: [Labtools 27-1434] Device xc7k160t (JTAG device index = 0) is programmed with a design that has no supported debug core(s) in it.
ERROR: [Common 17-48] File not found: F:/FPGA/project/ALU_stu/ALU_stu/ALU_stu.runs/impl_1/top.ltx
set_property PROBES.FILE {F:/FPGA/project/ALU_stu/ALU_stu/ALU_stu.runs/impl_1/top.ltx} [get_hw_devices xc7k160t_0]
set_property FULL_PROBES.FILE {F:/FPGA/project/ALU_stu/ALU_stu/ALU_stu.runs/impl_1/top.ltx} [get_hw_devices xc7k160t_0]
set_property PROGRAM.FILE {F:/FPGA/project/ALU_stu/ALU_stu/ALU_stu.runs/impl_1/top.bit} [get_hw_devices xc7k160t_0]
program_hw_devices [get_hw_devices xc7k160t_0]
INFO: [Labtools 27-3164] End of startup status: HIGH
refresh_hw_device [lindex [get_hw_devices xc7k160t_0] 0]
INFO: [Labtools 27-2302] Device xc7k160t (JTAG device index = 0) is programmed with a design that has 1 ILA core(s).
display_hw_ila_data [ get_hw_ila_data hw_ila_data_1 -of_objects [get_hw_ilas -of_objects [get_hw_devices xc7k160t_0] -filter {CELL_NAME=~"u_ila"}]]
run_hw_ila [get_hw_ilas -of_objects [get_hw_devices xc7k160t_0] -filter {CELL_NAME=~"u_ila"}]
INFO: [Labtools 27-1964] The ILA core 'hw_ila_1' trigger was armed at 2026-May-21 21:21:31
ERROR: [Xicom 50-38] xicom: Unable to connect to debug core(s) on the target device. Check cable connectivity and that the target board is powered up then use the disconnect_hw_server and connect_hw_server to re-initialize the hardware target. Use open_hw_target to re-register the hardware device.
ERROR: [Xicom 50-38] xicom: Unable to connect to debug core(s) on the target device. Check cable connectivity and that the target board is powered up then use the disconnect_hw_server and connect_hw_server to re-initialize the hardware target. Use open_hw_target to re-register the hardware device.
ERROR: [Xicom 50-38] xicom: Unable to connect to debug core(s) on the target device. Check cable connectivity and that the target board is powered up then use the disconnect_hw_server and connect_hw_server to re-initialize the hardware target. Use open_hw_target to re-register the hardware device.
ERROR: [Xicom 50-38] xicom: Unable to connect to debug core(s) on the target device. Check cable connectivity and that the target board is powered up then use the disconnect_hw_server and connect_hw_server to re-initialize the hardware target. Use open_hw_target to re-register the hardware device.
ERROR: [Xicom 50-38] xicom: Unable to connect to debug core(s) on the target device. Check cable connectivity and that the target board is powered up then use the disconnect_hw_server and connect_hw_server to re-initialize the hardware target. Use open_hw_target to re-register the hardware device.
ERROR: [Xicom 50-38] xicom: Unable to connect to debug core(s) on the target device. Check cable connectivity and that the target board is powered up then use the disconnect_hw_server and connect_hw_server to re-initialize the hardware target. Use open_hw_target to re-register the hardware device.
ERROR: [Xicom 50-38] xicom: Unable to connect to debug core(s) on the target device. Check cable connectivity and that the target board is powered up then use the disconnect_hw_server and connect_hw_server to re-initialize the hardware target. Use open_hw_target to re-register the hardware device.
ERROR: [Xicom 50-38] xicom: Unable to connect to debug core(s) on the target device. Check cable connectivity and that the target board is powered up then use the disconnect_hw_server and connect_hw_server to re-initialize the hardware target. Use open_hw_target to re-register the hardware device.
ERROR: [Xicom 50-38] xicom: Unable to connect to debug core(s) on the target device. Check cable connectivity and that the target board is powered up then use the disconnect_hw_server and connect_hw_server to re-initialize the hardware target. Use open_hw_target to re-register the hardware device.
run_hw_ila [get_hw_ilas -of_objects [get_hw_devices xc7k160t_0] -filter {CELL_NAME=~"u_ila"}]
ERROR: [Xicom 50-38] xicom: Unable to connect to debug core(s) on the target device. Check cable connectivity and that the target board is powered up then use the disconnect_hw_server and connect_hw_server to re-initialize the hardware target. Use open_hw_target to re-register the hardware device.
ERROR: [Xicom 50-38] xicom: Unable to connect to debug core(s) on the target device. Check cable connectivity and that the target board is powered up then use the disconnect_hw_server and connect_hw_server to re-initialize the hardware target. Use open_hw_target to re-register the hardware device.
ERROR: [Xicom 50-38] xicom: Unable to connect to debug core(s) on the target device. Check cable connectivity and that the target board is powered up then use the disconnect_hw_server and connect_hw_server to re-initialize the hardware target. Use open_hw_target to re-register the hardware device.
ERROR: [Xicom 50-38] xicom: Unable to connect to debug core(s) on the target device. Check cable connectivity and that the target board is powered up then use the disconnect_hw_server and connect_hw_server to re-initialize the hardware target. Use open_hw_target to re-register the hardware device.
ERROR: [Xicom 50-38] xicom: Unable to connect to debug core(s) on the target device. Check cable connectivity and that the target board is powered up then use the disconnect_hw_server and connect_hw_server to re-initialize the hardware target. Use open_hw_target to re-register the hardware device.
ERROR: [Labtools 27-3176] hw_server failed during internal command.
Resolution: Check that the hw_server is running and the hardware connectivity to the target
run_hw_ila [get_hw_ilas -of_objects [get_hw_devices xc7k160t_0] -filter {CELL_NAME=~"u_ila"}]
ERROR: [Xicom 50-38] xicom: Unable to connect to debug core(s) on the target device. Check cable connectivity and that the target board is powered up then use the disconnect_hw_server and connect_hw_server to re-initialize the hardware target. Use open_hw_target to re-register the hardware device.
ERROR: [Xicom 50-38] xicom: Unable to connect to debug core(s) on the target device. Check cable connectivity and that the target board is powered up then use the disconnect_hw_server and connect_hw_server to re-initialize the hardware target. Use open_hw_target to re-register the hardware device.
ERROR: [Xicom 50-38] xicom: Unable to connect to debug core(s) on the target device. Check cable connectivity and that the target board is powered up then use the disconnect_hw_server and connect_hw_server to re-initialize the hardware target. Use open_hw_target to re-register the hardware device.
ERROR: [Xicom 50-38] xicom: Unable to connect to debug core(s) on the target device. Check cable connectivity and that the target board is powered up then use the disconnect_hw_server and connect_hw_server to re-initialize the hardware target. Use open_hw_target to re-register the hardware device.
ERROR: [Xicom 50-38] xicom: Unable to connect to debug core(s) on the target device. Check cable connectivity and that the target board is powered up then use the disconnect_hw_server and connect_hw_server to re-initialize the hardware target. Use open_hw_target to re-register the hardware device.
ERROR: [Labtools 27-3176] hw_server failed during internal command.
Resolution: Check that the hw_server is running and the hardware connectivity to the target
ERROR: [Labtoolstcl 44-513] HW Target shutdown. Closing target: localhost:3121/xilinx_tcf/Digilent/210251A08870
INFO: [Labtoolstcl 44-466] Opening hw_target localhost:3121/xilinx_tcf/Digilent/210251A08870
INFO: [Labtools 27-1434] Device xc7k160t (JTAG device index = 0) is programmed with a design that has no supported debug core(s) in it.
WARNING: [Labtools 27-3361] The debug hub core was not detected.
Resolution: 
1. Make sure the clock connected to the debug hub (dbg_hub) core is a free running clock and is active.
2. Make sure the BSCAN_SWITCH_USER_MASK device property in Vivado Hardware Manager reflects the user scan chain setting in the design and refresh the device.  To determine the user scan chain setting in the design, open the implemented design and use 'get_property C_USER_SCAN_CHAIN [get_debug_cores dbg_hub]'.
For more details on setting the scan chain property, consult the Vivado Debug and Programming User Guide (UG908).
WARNING: [Labtools 27-3413] Dropping logic core with cellname:'u_ila' at location 'uuid_C30A833047BA52038DBC7E3E3214D902' from probes file, since it cannot be found on the programmed device.
WARNING: [Labtoolstcl 44-129] No matching hw_ila_data was found.
set_property PROBES.FILE {F:/FPGA/project/ALU_stu/ALU_stu/ALU_stu.runs/impl_1/top.ltx} [get_hw_devices xc7k160t_0]
set_property FULL_PROBES.FILE {F:/FPGA/project/ALU_stu/ALU_stu/ALU_stu.runs/impl_1/top.ltx} [get_hw_devices xc7k160t_0]
set_property PROGRAM.FILE {F:/FPGA/project/ALU_stu/ALU_stu/ALU_stu.runs/impl_1/top.bit} [get_hw_devices xc7k160t_0]
program_hw_devices [get_hw_devices xc7k160t_0]
INFO: [Labtools 27-3164] End of startup status: HIGH
refresh_hw_device [lindex [get_hw_devices xc7k160t_0] 0]
INFO: [Labtools 27-2302] Device xc7k160t (JTAG device index = 0) is programmed with a design that has 1 ILA core(s).
display_hw_ila_data [ get_hw_ila_data hw_ila_data_1 -of_objects [get_hw_ilas -of_objects [get_hw_devices xc7k160t_0] -filter {CELL_NAME=~"u_ila"}]]
run_hw_ila [get_hw_ilas -of_objects [get_hw_devices xc7k160t_0] -filter {CELL_NAME=~"u_ila"}] -trigger_now
INFO: [Labtools 27-1964] The ILA core 'hw_ila_1' trigger was armed at 2026-May-21 21:22:15
wait_on_hw_ila [get_hw_ilas -of_objects [get_hw_devices xc7k160t_0] -filter {CELL_NAME=~"u_ila"}]
display_hw_ila_data [upload_hw_ila_data [get_hw_ilas -of_objects [get_hw_devices xc7k160t_0] -filter {CELL_NAME=~"u_ila"}]]
INFO: [Labtools 27-1966] The ILA core 'hw_ila_1' triggered at 2026-May-21 21:22:15
INFO: [Labtools 27-3304] ILA Waveform data saved to file F:/FPGA/project/ALU_stu/ALU_stu/ALU_stu.hw/backup/hw_ila_data_1.ila. Use Tcl command 'read_hw_ila_data' or Vivado File->Import->Import ILA Data menu item to import the previously saved data.
set_property TRIGGER_COMPARE_VALUE eq1'b0 [get_hw_probes r_rst -of_objects [get_hw_ilas -of_objects [get_hw_devices xc7k160t_0] -filter {CELL_NAME=~"u_ila"}]]
run_hw_ila [get_hw_ilas -of_objects [get_hw_devices xc7k160t_0] -filter {CELL_NAME=~"u_ila"}]
INFO: [Labtools 27-1964] The ILA core 'hw_ila_1' trigger was armed at 2026-May-21 21:27:07
wait_on_hw_ila [get_hw_ilas -of_objects [get_hw_devices xc7k160t_0] -filter {CELL_NAME=~"u_ila"}]
display_hw_ila_data [upload_hw_ila_data [get_hw_ilas -of_objects [get_hw_devices xc7k160t_0] -filter {CELL_NAME=~"u_ila"}]]
INFO: [Labtools 27-1966] The ILA core 'hw_ila_1' triggered at 2026-May-21 21:27:07
INFO: [Labtools 27-3304] ILA Waveform data saved to file F:/FPGA/project/ALU_stu/ALU_stu/ALU_stu.hw/backup/hw_ila_data_1.ila. Use Tcl command 'read_hw_ila_data' or Vivado File->Import->Import ILA Data menu item to import the previously saved data.
run_hw_ila [get_hw_ilas -of_objects [get_hw_devices xc7k160t_0] -filter {CELL_NAME=~"u_ila"}]
INFO: [Labtools 27-1964] The ILA core 'hw_ila_1' trigger was armed at 2026-May-21 21:27:15
wait_on_hw_ila [get_hw_ilas -of_objects [get_hw_devices xc7k160t_0] -filter {CELL_NAME=~"u_ila"}]
display_hw_ila_data [upload_hw_ila_data [get_hw_ilas -of_objects [get_hw_devices xc7k160t_0] -filter {CELL_NAME=~"u_ila"}]]
INFO: [Labtools 27-1966] The ILA core 'hw_ila_1' triggered at 2026-May-21 21:27:15
INFO: [Labtools 27-3304] ILA Waveform data saved to file F:/FPGA/project/ALU_stu/ALU_stu/ALU_stu.hw/backup/hw_ila_data_1.ila. Use Tcl command 'read_hw_ila_data' or Vivado File->Import->Import ILA Data menu item to import the previously saved data.
run_hw_ila [get_hw_ilas -of_objects [get_hw_devices xc7k160t_0] -filter {CELL_NAME=~"u_ila"}]
INFO: [Labtools 27-1964] The ILA core 'hw_ila_1' trigger was armed at 2026-May-21 21:27:17
wait_on_hw_ila [get_hw_ilas -of_objects [get_hw_devices xc7k160t_0] -filter {CELL_NAME=~"u_ila"}]
display_hw_ila_data [upload_hw_ila_data [get_hw_ilas -of_objects [get_hw_devices xc7k160t_0] -filter {CELL_NAME=~"u_ila"}]]
INFO: [Labtools 27-1966] The ILA core 'hw_ila_1' triggered at 2026-May-21 21:27:17
INFO: [Labtools 27-3304] ILA Waveform data saved to file F:/FPGA/project/ALU_stu/ALU_stu/ALU_stu.hw/backup/hw_ila_data_1.ila. Use Tcl command 'read_hw_ila_data' or Vivado File->Import->Import ILA Data menu item to import the previously saved data.
save_wave_config {F:/FPGA/project/ALU_stu/ALU_stu/ALU_stu.hw/hw_1/wave/hw_ila_data_1/hw_ila_data_1.wcfg}
close_hw_manager
open_hw_manager
connect_hw_server -allow_non_jtag
INFO: [Labtools 27-2285] Connecting to hw_server url TCP:localhost:3121
INFO: [Labtools 27-2222] Launching hw_server...
INFO: [Labtools 27-2221] Launch Output:

****** Xilinx hw_server v2020.2
  **** Build date : Nov 18 2020 at 10:01:48
    ** Copyright 1986-2020 Xilinx, Inc. All Rights Reserved.


INFO: [Labtools 27-3415] Connecting to cs_server url TCP:localhost:3042
INFO: [Labtools 27-3417] Launching cs_server...
INFO: [Labtools 27-2221] Launch Output:


******** Xilinx cs_server v2020.2
  ****** Build date   : Nov 04 2020-05:02:56
    **** Build number : 2020.2.1604437376
      ** Copyright 2017-2020 Xilinx, Inc. All Rights Reserved.



connect_hw_server: Time (s): cpu = 00:00:00 ; elapsed = 00:00:07 . Memory (MB): peak = 4084.957 ; gain = 0.000
open_hw_target
INFO: [Labtoolstcl 44-466] Opening hw_target localhost:3121/xilinx_tcf/Digilent/210251A08870
set_property PROGRAM.FILE {F:/FPGA/project/ALU_stu/ALU_stu/ALU_stu.runs/impl_1/top.bit} [get_hw_devices xc7k160t_0]
set_property PROBES.FILE {F:/FPGA/project/ALU_stu/ALU_stu/ALU_stu.runs/impl_1/top.ltx} [get_hw_devices xc7k160t_0]
set_property FULL_PROBES.FILE {F:/FPGA/project/ALU_stu/ALU_stu/ALU_stu.runs/impl_1/top.ltx} [get_hw_devices xc7k160t_0]
current_hw_device [get_hw_devices xc7k160t_0]
refresh_hw_device [lindex [get_hw_devices xc7k160t_0] 0]
INFO: [Labtools 27-2302] Device xc7k160t (JTAG device index = 0) is programmed with a design that has 1 ILA core(s).
display_hw_ila_data [ get_hw_ila_data hw_ila_data_1 -of_objects [get_hw_ilas -of_objects [get_hw_devices xc7k160t_0] -filter {CELL_NAME=~"u_ila"}]]
set_property TRIGGER_COMPARE_VALUE eq1'bX [get_hw_probes r_rst -of_objects [get_hw_ilas -of_objects [get_hw_devices xc7k160t_0] -filter {CELL_NAME=~"u_ila"}]]
set_property TRIGGER_COMPARE_VALUE eq7'bXXX_XXXX [get_hw_probes r_cnt -of_objects [get_hw_ilas -of_objects [get_hw_devices xc7k160t_0] -filter {CELL_NAME=~"u_ila"}]]
set_property TRIGGER_COMPARE_VALUE eq7'hXX [get_hw_probes r_cnt -of_objects [get_hw_ilas -of_objects [get_hw_devices xc7k160t_0] -filter {CELL_NAME=~"u_ila"}]]
set_property TRIGGER_COMPARE_VALUE eq7'h01 [get_hw_probes r_cnt -of_objects [get_hw_ilas -of_objects [get_hw_devices xc7k160t_0] -filter {CELL_NAME=~"u_ila"}]]
run_hw_ila [get_hw_ilas -of_objects [get_hw_devices xc7k160t_0] -filter {CELL_NAME=~"u_ila"}]
INFO: [Labtools 27-1964] The ILA core 'hw_ila_1' trigger was armed at 2026-May-21 21:31:29
wait_on_hw_ila [get_hw_ilas -of_objects [get_hw_devices xc7k160t_0] -filter {CELL_NAME=~"u_ila"}]
display_hw_ila_data [upload_hw_ila_data [get_hw_ilas -of_objects [get_hw_devices xc7k160t_0] -filter {CELL_NAME=~"u_ila"}]]
INFO: [Labtools 27-1966] The ILA core 'hw_ila_1' triggered at 2026-May-21 21:31:29
INFO: [Labtools 27-3304] ILA Waveform data saved to file F:/FPGA/project/ALU_stu/ALU_stu/ALU_stu.hw/backup/hw_ila_data_1.ila. Use Tcl command 'read_hw_ila_data' or Vivado File->Import->Import ILA Data menu item to import the previously saved data.
